Taranor/android/app/build/intermediates/manifest_merge_blame_file/debug/manifest-merger-blame-debug-report.txt
1<?xml version="1.0" encoding="utf-8"?>
2<manifest xmlns:android="http://schemas.android.com/apk/res/android"
3    package="com.orbital.taranor"
4    android:versionCode="1"
5    android:versionName="1.0" >
6
7    <uses-sdk
8        android:minSdkVersion="16"
9        android:targetSdkVersion="28" />
10
11    <uses-permission android:name="android.permission.SYSTEM_ALERT_WINDOW" />
11-->src\debug\AndroidManifest.xml:5:5-77
11-->src\debug\AndroidManifest.xml:5:22-75
12    <uses-permission android:name="android.permission.INTERNET" />
12-->src\main\AndroidManifest.xml:4:5-67
12-->src\main\AndroidManifest.xml:4:22-64
13    <uses-permission android:name="android.permission.WAKE_LOCK" />
13-->[:react-native-firebase_auth] AndroidManifest.xml:12:5-68
13-->[:react-native-firebase_auth] AndroidManifest.xml:12:22-65
14    <uses-permission android:name="android.permission.ACCESS_NETWORK_STATE" /> <!-- Required by older versions of Google Play services to create IID tokens -->
14-->[:react-native-firebase_auth] AndroidManifest.xml:13:5-79
14-->[:react-native-firebase_auth] AndroidManifest.xml:13:22-76
15    <uses-permission android:name="com.google.android.c2dm.permission.RECEIVE" />
15-->[com.google.firebase:firebase-iid:19.0.0] AndroidManifest.xml:26:5-82
15-->[com.google.firebase:firebase-iid:19.0.0] AndroidManifest.xml:26:22-79
16    <uses-permission android:name="com.google.android.finsky.permission.BIND_GET_INSTALL_REFERRER_SERVICE" />
16-->[com.google.android.gms:play-services-measurement:17.2.1] AndroidManifest.xml:26:5-110
16-->[com.google.android.gms:play-services-measurement:17.2.1] AndroidManifest.xml:26:22-107
17
18    <application
18-->src\main\AndroidManifest.xml:6:5-24:19
19        android:name="com.orbital.taranor.MainApplication"
19-->src\main\AndroidManifest.xml:7:7-38
20        android:allowBackup="false"
20-->src\main\AndroidManifest.xml:11:7-34
21        android:appComponentFactory="androidx.core.app.CoreComponentFactory"
21-->[androidx.core:core:1.1.0] AndroidManifest.xml:24:18-86
22        android:debuggable="true"
23        android:icon="@mipmap/ic_launcher"
23-->src\main\AndroidManifest.xml:9:7-41
24        android:label="@string/app_name"
24-->src\main\AndroidManifest.xml:8:7-39
25        android:roundIcon="@mipmap/ic_launcher_round"
25-->src\main\AndroidManifest.xml:10:7-52
26        android:theme="@style/AppTheme"
26-->src\main\AndroidManifest.xml:12:7-38
27        android:usesCleartextTraffic="true" >
27-->src\debug\AndroidManifest.xml:7:18-53
28        <activity
28-->src\main\AndroidManifest.xml:13:7-22:18
29            android:name="com.orbital.taranor.MainActivity"
29-->src\main\AndroidManifest.xml:14:9-37
30            android:configChanges="keyboard|keyboardHidden|orientation|screenSize"
30-->src\main\AndroidManifest.xml:16:9-79
31            android:label="@string/app_name"
31-->src\main\AndroidManifest.xml:15:9-41
32            android:windowSoftInputMode="adjustResize" >
32-->src\main\AndroidManifest.xml:17:9-51
33            <intent-filter>
33-->src\main\AndroidManifest.xml:18:9-21:25
34                <action android:name="android.intent.action.MAIN" />
34-->src\main\AndroidManifest.xml:19:13-65
34-->src\main\AndroidManifest.xml:19:21-62
35
36                <category android:name="android.intent.category.LAUNCHER" />
36-->src\main\AndroidManifest.xml:20:13-73
36-->src\main\AndroidManifest.xml:20:23-70
37            </intent-filter>
38        </activity>
39        <activity android:name="com.facebook.react.devsupport.DevSettingsActivity" />
39-->src\main\AndroidManifest.xml:23:7-84
39-->src\main\AndroidManifest.xml:23:17-81
40        <activity
40-->[com.google.firebase:firebase-auth:19.1.0] AndroidManifest.xml:24:9-31:50
41            android:name="com.google.firebase.auth.internal.FederatedSignInActivity"
41-->[com.google.firebase:firebase-auth:19.1.0] AndroidManifest.xml:25:13-85
42            android:excludeFromRecents="true"
42-->[com.google.firebase:firebase-auth:19.1.0] AndroidManifest.xml:26:13-46
43            android:exported="true"
43-->[com.google.firebase:firebase-auth:19.1.0] AndroidManifest.xml:27:13-36
44            android:launchMode="singleTask"
44-->[com.google.firebase:firebase-auth:19.1.0] AndroidManifest.xml:28:13-44
45            android:permission="com.google.firebase.auth.api.gms.permission.LAUNCH_FEDERATED_SIGN_IN"
45-->[com.google.firebase:firebase-auth:19.1.0] AndroidManifest.xml:29:13-102
46            android:theme="@android:style/Theme.Translucent.NoTitleBar" />
46-->[com.google.firebase:firebase-auth:19.1.0] AndroidManifest.xml:30:13-72
47
48        <service
48-->[com.google.firebase:firebase-auth:19.1.0] AndroidManifest.xml:33:9-39:19
49            android:name="com.google.firebase.components.ComponentDiscoveryService"
49-->[com.google.firebase:firebase-auth:19.1.0] AndroidManifest.xml:34:13-84
50            android:exported="false" >
50-->[com.google.firebase:firebase-auth:19.1.0] AndroidManifest.xml:35:13-37
51            <meta-data
51-->[com.google.firebase:firebase-auth:19.1.0] AndroidManifest.xml:36:13-38:85
52                android:name="com.google.firebase.components:com.google.firebase.auth.FirebaseAuthRegistrar"
52-->[com.google.firebase:firebase-auth:19.1.0] AndroidManifest.xml:37:17-109
53                android:value="com.google.firebase.components.ComponentRegistrar" />
53-->[com.google.firebase:firebase-auth:19.1.0] AndroidManifest.xml:38:17-82
54            <meta-data
54-->[com.google.android.gms:play-services-measurement-api:17.2.1] AndroidManifest.xml:30:13-32:85
55                android:name="com.google.firebase.components:com.google.firebase.analytics.connector.internal.AnalyticsConnectorRegistrar"
55-->[com.google.android.gms:play-services-measurement-api:17.2.1] AndroidManifest.xml:31:17-139
56                android:value="com.google.firebase.components.ComponentRegistrar" />
56-->[com.google.android.gms:play-services-measurement-api:17.2.1] AndroidManifest.xml:32:17-82
57            <meta-data
57-->[com.google.firebase:firebase-iid:19.0.0] AndroidManifest.xml:32:13-34:85
58                android:name="com.google.firebase.components:com.google.firebase.iid.Registrar"
58-->[com.google.firebase:firebase-iid:19.0.0] AndroidManifest.xml:33:17-96
59                android:value="com.google.firebase.components.ComponentRegistrar" />
59-->[com.google.firebase:firebase-iid:19.0.0] AndroidManifest.xml:34:17-82
60        </service>
61
62        <receiver
62-->[com.google.firebase:firebase-iid:19.0.0] AndroidManifest.xml:37:9-44:20
63            android:name="com.google.firebase.iid.FirebaseInstanceIdReceiver"
63-->[com.google.firebase:firebase-iid:19.0.0] AndroidManifest.xml:38:13-78
64            android:exported="true"
64-->[com.google.firebase:firebase-iid:19.0.0] AndroidManifest.xml:39:13-36
65            android:permission="com.google.android.c2dm.permission.SEND" >
65-->[com.google.firebase:firebase-iid:19.0.0] AndroidManifest.xml:40:13-73
66            <intent-filter>
66-->[com.google.firebase:firebase-iid:19.0.0] AndroidManifest.xml:41:13-43:29
67                <action android:name="com.google.android.c2dm.intent.RECEIVE" />
67-->[com.google.firebase:firebase-iid:19.0.0] AndroidManifest.xml:42:17-81
67-->[com.google.firebase:firebase-iid:19.0.0] AndroidManifest.xml:42:25-78
68            </intent-filter>
69        </receiver>
70
71        <provider
71-->[com.google.firebase:firebase-common:19.0.0] AndroidManifest.xml:12:9-16:39
72            android:name="com.google.firebase.provider.FirebaseInitProvider"
72-->[com.google.firebase:firebase-common:19.0.0] AndroidManifest.xml:13:13-77
73            android:authorities="com.orbital.taranor.firebaseinitprovider"
73-->[com.google.firebase:firebase-common:19.0.0] AndroidManifest.xml:14:13-72
74            android:exported="false"
74-->[com.google.firebase:firebase-common:19.0.0] AndroidManifest.xml:15:13-37
75            android:initOrder="100" />
75-->[com.google.firebase:firebase-common:19.0.0] AndroidManifest.xml:16:13-36
76
77        <activity
77-->[com.google.android.gms:play-services-base:17.1.0] AndroidManifest.xml:23:9-26:75
78            android:name="com.google.android.gms.common.api.GoogleApiActivity"
78-->[com.google.android.gms:play-services-base:17.1.0] AndroidManifest.xml:24:13-79
79            android:exported="false"
79-->[com.google.android.gms:play-services-base:17.1.0] AndroidManifest.xml:25:13-37
80            android:theme="@android:style/Theme.Translucent.NoTitleBar" />
80-->[com.google.android.gms:play-services-base:17.1.0] AndroidManifest.xml:26:13-72
81
82        <receiver
82-->[com.google.android.gms:play-services-measurement:17.2.1] AndroidManifest.xml:29:9-33:20
83            android:name="com.google.android.gms.measurement.AppMeasurementReceiver"
83-->[com.google.android.gms:play-services-measurement:17.2.1] AndroidManifest.xml:30:13-85
84            android:enabled="true"
84-->[com.google.android.gms:play-services-measurement:17.2.1] AndroidManifest.xml:31:13-35
85            android:exported="false" >
85-->[com.google.android.gms:play-services-measurement:17.2.1] AndroidManifest.xml:32:13-37
86        </receiver>
87        <receiver
87-->[com.google.android.gms:play-services-measurement:17.2.1] AndroidManifest.xml:34:9-42:20
88            android:name="com.google.android.gms.measurement.AppMeasurementInstallReferrerReceiver"
88-->[com.google.android.gms:play-services-measurement:17.2.1] AndroidManifest.xml:35:13-100
89            android:enabled="true"
89-->[com.google.android.gms:play-services-measurement:17.2.1] AndroidManifest.xml:36:13-35
90            android:exported="true"
90-->[com.google.android.gms:play-services-measurement:17.2.1] AndroidManifest.xml:37:13-36
91            android:permission="android.permission.INSTALL_PACKAGES" >
91-->[com.google.android.gms:play-services-measurement:17.2.1] AndroidManifest.xml:38:13-69
92            <intent-filter>
92-->[com.google.android.gms:play-services-measurement:17.2.1] AndroidManifest.xml:39:13-41:29
93                <action android:name="com.android.vending.INSTALL_REFERRER" />
93-->[com.google.android.gms:play-services-measurement:17.2.1] AndroidManifest.xml:40:17-79
93-->[com.google.android.gms:play-services-measurement:17.2.1] AndroidManifest.xml:40:25-76
94            </intent-filter>
95        </receiver>
96
97        <service
97-->[com.google.android.gms:play-services-measurement:17.2.1] AndroidManifest.xml:44:9-47:40
98            android:name="com.google.android.gms.measurement.AppMeasurementService"
98-->[com.google.android.gms:play-services-measurement:17.2.1] AndroidManifest.xml:45:13-84
99            android:enabled="true"
99-->[com.google.android.gms:play-services-measurement:17.2.1] AndroidManifest.xml:46:13-35
100            android:exported="false" />
100-->[com.google.android.gms:play-services-measurement:17.2.1] AndroidManifest.xml:47:13-37
101        <service
101-->[com.google.android.gms:play-services-measurement:17.2.1] AndroidManifest.xml:48:9-52:72
102            android:name="com.google.android.gms.measurement.AppMeasurementJobService"
102-->[com.google.android.gms:play-services-measurement:17.2.1] AndroidManifest.xml:49:13-87
103            android:enabled="true"
103-->[com.google.android.gms:play-services-measurement:17.2.1] AndroidManifest.xml:50:13-35
104            android:exported="false"
104-->[com.google.android.gms:play-services-measurement:17.2.1] AndroidManifest.xml:51:13-37
105            android:permission="android.permission.BIND_JOB_SERVICE" />
105-->[com.google.android.gms:play-services-measurement:17.2.1] AndroidManifest.xml:52:13-69
106
107        <meta-data
107-->[com.google.android.gms:play-services-basement:17.0.0] AndroidManifest.xml:23:9-25:69
108            android:name="com.google.android.gms.version"
108-->[com.google.android.gms:play-services-basement:17.0.0] AndroidManifest.xml:24:13-58
109            android:value="@integer/google_play_services_version" />
109-->[com.google.android.gms:play-services-basement:17.0.0] AndroidManifest.xml:25:13-66
110    </application>
111
112</manifest>